{"C:\\Users\\dimaa\\Desktop\\Work\\sortHeroes.js": {"path":"C:\\Users\\dimaa\\Desktop\\Work\\sortHeroes.js","statementMap":{"0":{"start":{"line":1,"column":34},"end":{"line":3,"column":1}},"1":{"start":{"line":2,"column":2},"end":{"line":2,"column":52}},"2":{"start":{"line":2,"column":31},"end":{"line":2,"column":50}}},"fnMap":{"0":{"name":"(anonymous_0)","decl":{"start":{"line":1,"column":34},"end":{"line":1,"column":35}},"loc":{"start":{"line":1,"column":46},"end":{"line":3,"column":1}},"line":1},"1":{"name":"(anonymous_1)","decl":{"start":{"line":2,"column":21},"end":{"line":2,"column":22}},"loc":{"start":{"line":2,"column":31},"end":{"line":2,"column":50}},"line":2}},"branchMap":{},"s":{"0":1,"1":3,"2":4},"f":{"0":3,"1":4},"b":{},"_coverageSchema":"1a1c01bbd47fc00a2c39e90264f33305004495a9","hash":"695585f1332f2c29001b84d94b48e6d3f261cacc"}
}
